# JRE version: Java(TM) SE Runtime Environment (8.0_73-b02) (build 1.8.0_73-b02)
# Java VM: Java HotSpot(TM) 64-Bit Server VM (25.73-b02 mixed mode bsd-amd64 compressed oops)
Heap:
 PSYoungGen      total 76288K, used 33983K [0x00000007aab00000, 0x00000007b1200000, 0x00000007c0000000)
  eden space 65536K, 51% used [0x00000007aab00000,0x00000007acc2ff80,0x00000007aeb00000)
  from space 10752K, 0% used [0x00000007aeb00000,0x00000007aeb00000,0x00000007af580000)
  to   space 10752K, 0% used [0x00000007b0780000,0x00000007b0780000,0x00000007b1200000)
 ParOldGen       total 227328K, used 21518K [0x0000000780000000, 0x000000078de00000, 0x00000007aab00000)
  object space 227328K, 9% used [0x0000000780000000,0x0000000781503aa8,0x000000078de00000)
 Metaspace       used 33514K, capacity 36868K, committed 37120K, reserved 1081344K
  class space    used 4290K, capacity 5250K, committed 5376K, reserved 1048576K
GC Heap History (10 events):
Event: 3.382 GC heap before
{Heap before GC invocations=1 (full 0):
 PSYoungGen      total 76288K, used 64305K [0x00000007aab00000, 0x00000007b0000000, 0x00000007c0000000)
  eden space 65536K, 98% used [0x00000007aab00000,0x00000007ae9cc768,0x00000007aeb00000)
  from space 10752K, 0% used [0x00000007af580000,0x00000007af580000,0x00000007b0000000)
  to   space 10752K, 0% used [0x00000007aeb00000,0x00000007aeb00000,0x00000007af580000)
 ParOldGen       total 175104K, used 0K [0x0000000780000000, 0x000000078ab00000, 0x00000007aab00000)
  object space 175104K, 0% used [0x0000000780000000,0x0000000780000000,0x000000078ab00000)
 Metaspace       used 18988K, capacity 21226K, committed 21296K, reserved 1067008K
  class space    used 2169K, capacity 2876K, committed 2944K, reserved 1048576K
Event: 3.413 GC heap after
Heap after GC invocations=1 (full 0):
 PSYoungGen      total 76288K, used 10736K [0x00000007aab00000, 0x00000007b0000000, 0x00000007c0000000)
  eden space 65536K, 0% used [0x00000007aab00000,0x00000007aab00000,0x00000007aeb00000)
  from space 10752K, 99% used [0x00000007aeb00000,0x00000007af57c270,0x00000007af580000)
  to   space 10752K, 0% used [0x00000007af580000,0x00000007af580000,0x00000007b0000000)
 ParOldGen       total 175104K, used 7351K [0x0000000780000000, 0x000000078ab00000, 0x00000007aab00000)
  object space 175104K, 4% used [0x0000000780000000,0x000000078072dda0,0x000000078ab00000)
 Metaspace       used 18988K, capacity 21226K, committed 21296K, reserved 1067008K
  class space    used 2169K, capacity 2876K, committed 2944K, reserved 1048576K
}
Event: 3.413 GC heap before
{Heap before GC invocations=2 (full 1):
 PSYoungGen      total 76288K, used 10736K [0x00000007aab00000, 0x00000007b0000000, 0x00000007c0000000)
  eden space 65536K, 0% used [0x00000007aab00000,0x00000007aab00000,0x00000007aeb00000)
  from space 10752K, 99% used [0x00000007aeb00000,0x00000007af57c270,0x00000007af580000)
  to   space 10752K, 0% used [0x00000007af580000,0x00000007af580000,0x00000007b0000000)
 ParOldGen       total 175104K, used 7351K [0x0000000780000000, 0x000000078ab00000, 0x00000007aab00000)
  object space 175104K, 4% used [0x0000000780000000,0x000000078072dda0,0x000000078ab00000)
 Metaspace       used 18988K, capacity 21226K, committed 21296K, reserved 1067008K
  class space    used 2169K, capacity 2876K, committed 2944K, reserved 1048576K
Event: 3.491 GC heap after
Heap after GC invocations=2 (full 1):
 PSYoungGen      total 76288K, used 0K [0x00000007aab00000, 0x00000007b0000000, 0x00000007c0000000)
  eden space 65536K, 0% used [0x00000007aab00000,0x00000007aab00000,0x00000007aeb00000)
  from space 10752K, 0% used [0x00000007aeb00000,0x00000007aeb00000,0x00000007af580000)
  to   space 10752K, 0% used [0x00000007af580000,0x00000007af580000,0x00000007b0000000)
 ParOldGen       total 175104K, used 17603K [0x0000000780000000, 0x000000078ab00000, 0x00000007aab00000)
  object space 175104K, 10% used [0x0000000780000000,0x0000000781130c68,0x000000078ab00000)
 Metaspace       used 18988K, capacity 21226K, committed 21296K, reserved 1067008K
  class space    used 2169K, capacity 2876K, committed 2944K, reserved 1048576K
}
Event: 6.836 GC heap before
{Heap before GC invocations=3 (full 1):
 PSYoungGen      total 76288K, used 65536K [0x00000007aab00000, 0x00000007b0000000, 0x00000007c0000000)
  eden space 65536K, 100% used [0x00000007aab00000,0x00000007aeb00000,0x00000007aeb00000)
  from space 10752K, 0% used [0x00000007aeb00000,0x00000007aeb00000,0x00000007af580000)
  to   space 10752K, 0% used [0x00000007af580000,0x00000007af580000,0x00000007b0000000)
 ParOldGen       total 175104K, used 17724K [0x0000000780000000, 0x000000078ab00000, 0x00000007aab00000)
  object space 175104K, 10% used [0x0000000780000000,0x000000078114f1a0,0x000000078ab00000)
 Metaspace       used 29357K, capacity 32556K, committed 32768K, reserved 1077248K
  class space    used 3807K, capacity 4796K, committed 4864K, reserved 1048576K
Event: 6.859 GC heap after
Heap after GC invocations=3 (full 1):
 PSYoungGen      total 76288K, used 10743K [0x00000007aab00000, 0x00000007b1100000, 0x00000007c0000000)
  eden space 65536K, 0% used [0x00000007aab00000,0x00000007aab00000,0x00000007aeb00000)
  from space 10752K, 99% used [0x00000007af580000,0x00000007afffde68,0x00000007b0000000)
  to   space 10752K, 0% used [0x00000007aeb00000,0x00000007aeb00000,0x00000007af580000)
 ParOldGen       total 175104K, used 20523K [0x0000000780000000, 0x000000078ab00000, 0x00000007aab00000)
  object space 175104K, 11% used [0x0000000780000000,0x000000078140ae28,0x000000078ab00000)
 Metaspace       used 29357K, capacity 32556K, committed 32768K, reserved 1077248K
  class space    used 3807K, capacity 4796K, committed 4864K, reserved 1048576K
}
Event: 8.442 GC heap before
{Heap before GC invocations=4 (full 1):
 PSYoungGen      total 76288K, used 58202K [0x00000007aab00000, 0x00000007b1100000, 0x00000007c0000000)
  eden space 65536K, 72% used [0x00000007aab00000,0x00000007ad958c30,0x00000007aeb00000)
  from space 10752K, 99% used [0x00000007af580000,0x00000007afffde68,0x00000007b0000000)
  to   space 10752K, 0% used [0x00000007aeb00000,0x00000007aeb00000,0x00000007af580000)
 ParOldGen       total 175104K, used 20523K [0x0000000780000000, 0x000000078ab00000, 0x00000007aab00000)
  object space 175104K, 11% used [0x0000000780000000,0x000000078140ae28,0x000000078ab00000)
 Metaspace       used 32088K, capacity 35394K, committed 35496K, reserved 1079296K
  class space    used 4111K, capacity 5120K, committed 5120K, reserved 1048576K
Event: 8.458 GC heap after
Heap after GC invocations=4 (full 1):
 PSYoungGen      total 76288K, used 10751K [0x00000007aab00000, 0x00000007b1200000, 0x00000007c0000000)
  eden space 65536K, 0% used [0x00000007aab00000,0x00000007aab00000,0x00000007aeb00000)
  from space 10752K, 99% used [0x00000007aeb00000,0x00000007af57ff60,0x00000007af580000)
  to   space 10752K, 0% used [0x00000007b0780000,0x00000007b0780000,0x00000007b1200000)
 ParOldGen       total 175104K, used 22449K [0x0000000780000000, 0x000000078ab00000, 0x00000007aab00000)
  object space 175104K, 12% used [0x0000000780000000,0x00000007815ec528,0x000000078ab00000)
 Metaspace       used 32088K, capacity 35394K, committed 35496K, reserved 1079296K
  class space    used 4111K, capacity 5120K, committed 5120K, reserved 1048576K
}
Event: 8.458 GC heap before
{Heap before GC invocations=5 (full 2):
 PSYoungGen      total 76288K, used 10751K [0x00000007aab00000, 0x00000007b1200000, 0x00000007c0000000)
  eden space 65536K, 0% used [0x00000007aab00000,0x00000007aab00000,0x00000007aeb00000)
  from space 10752K, 99% used [0x00000007aeb00000,0x00000007af57ff60,0x00000007af580000)
  to   space 10752K, 0% used [0x00000007b0780000,0x00000007b0780000,0x00000007b1200000)
 ParOldGen       total 175104K, used 22449K [0x0000000780000000, 0x000000078ab00000, 0x00000007aab00000)
  object space 175104K, 12% used [0x0000000780000000,0x00000007815ec528,0x000000078ab00000)
 Metaspace       used 32088K, capacity 35394K, committed 35496K, reserved 1079296K
  class space    used 4111K, capacity 5120K, committed 5120K, reserved 1048576K
Event: 8.600 GC heap after
Heap after GC invocations=5 (full 2):
 PSYoungGen      total 76288K, used 0K [0x00000007aab00000, 0x00000007b1200000, 0x00000007c0000000)
  eden space 65536K, 0% used [0x00000007aab00000,0x00000007aab00000,0x00000007aeb00000)
  from space 10752K, 0% used [0x00000007aeb00000,0x00000007aeb00000,0x00000007af580000)
  to   space 10752K, 0% used [0x00000007b0780000,0x00000007b0780000,0x00000007b1200000)
 ParOldGen       total 227328K, used 21518K [0x0000000780000000, 0x000000078de00000, 0x00000007aab00000)
  object space 227328K, 9% used [0x0000000780000000,0x0000000781503aa8,0x000000078de00000)
 Metaspace       used 32088K, capacity 35394K, committed 35496K, reserved 1079296K
  class space    used 4111K, capacity 5120K, committed 5120K, reserved 1048576K
}

